Using pre-set license
Built from '2021.3/staging' branch; Version is '2021.3.6f1 (7da38d85baf6) revision 8233869'; Using compiler version '192829333'; Build Type 'Release'
OS: 'Windows 11  (10.0.22000) 64bit Professional' Language: 'ru' Physical Memory: 16315 MB
BatchMode: 1, IsHumanControllingUs: 0, StartBugReporterOnCrash: 0, Is64bit: 1, IsPro: 1

COMMAND LINE ARGUMENTS:
E:\Programs\Unity\2021.3.6f1\Editor\Unity.exe
-adb2
-batchMode
-noUpm
-name
AssetImportWorker4
-projectPath
C:/Program Files/The Coin Dash(3D Runner)
-logFile
Logs/AssetImportWorker4.log
-srvPort
49218
Successfully changed project path to: C:/Program Files/The Coin Dash(3D Runner)
C:/Program Files/The Coin Dash(3D Runner)
[UnityMemory] Configuration Parameters - Can be set up in boot.config
    "memorysetup-bucket-allocator-granularity=16"
    "memorysetup-bucket-allocator-bucket-count=8"
    "memorysetup-bucket-allocator-block-size=33554432"
    "memorysetup-bucket-allocator-block-count=8"
    "memorysetup-main-allocator-block-size=16777216"
    "memorysetup-thread-allocator-block-size=16777216"
    "memorysetup-gfx-main-allocator-block-size=16777216"
    "memorysetup-gfx-thread-allocator-block-size=16777216"
    "memorysetup-cache-allocator-block-size=4194304"
    "memorysetup-typetree-allocator-block-size=2097152"
    "memorysetup-profiler-bucket-allocator-granularity=16"
    "memorysetup-profiler-bucket-allocator-bucket-count=8"
    "memorysetup-profiler-bucket-allocator-block-size=33554432"
    "memorysetup-profiler-bucket-allocator-block-count=8"
    "memorysetup-profiler-allocator-block-size=16777216"
    "memorysetup-profiler-editor-allocator-block-size=1048576"
    "memorysetup-temp-allocator-size-main=16777216"
    "memorysetup-job-temp-allocator-block-size=2097152"
    "memorysetup-job-temp-allocator-block-size-background=1048576"
    "memorysetup-job-temp-allocator-reduction-small-platforms=262144"
    "memorysetup-temp-allocator-size-background-worker=32768"
    "memorysetup-temp-allocator-size-job-worker=262144"
    "memorysetup-temp-allocator-size-preload-manager=33554432"
    "memorysetup-temp-allocator-size-nav-mesh-worker=65536"
    "memorysetup-temp-allocator-size-audio-worker=65536"
    "memorysetup-temp-allocator-size-cloud-worker=32768"
    "memorysetup-temp-allocator-size-gi-baking-worker=262144"
    "memorysetup-temp-allocator-size-gfx=262144"
Refreshing native plugins compatible for Editor in 218.76 ms, found 3 plugins.
Preloading 0 native plugins for Editor in 0.00 ms.
Initialize engine version: 2021.3.6f1 (7da38d85baf6)
[Subsystems] Discovering subsystems at path E:/Programs/Unity/2021.3.6f1/Editor/Data/Resources/UnitySubsystems
[Subsystems] Discovering subsystems at path C:/Program Files/The Coin Dash(3D Runner)/Assets
GfxDevice: creating device client; threaded=0; jobified=0
Direct3D:
    Version:  Direct3D 11.0 [level 11.1]
    Renderer: NVIDIA GeForce GTX 1060 3GB (ID=0x1c02)
    Vendor:   NVIDIA
    VRAM:     2988 MB
    Driver:   30.0.15.1215
Initialize mono
Mono path[0] = 'E:/Programs/Unity/2021.3.6f1/Editor/Data/Managed'
Mono path[1] = 'E:/Programs/Unity/2021.3.6f1/Editor/Data/MonoBleedingEdge/lib/mono/unityjit-win32'
Mono config path = 'E:/Programs/Unity/2021.3.6f1/Editor/Data/MonoBleedingEdge/etc'
Using monoOptions --debugger-agent=transport=dt_socket,embedding=1,server=y,suspend=n,address=127.0.0.1:56164
Begin MonoManager ReloadAssembly
Registering precompiled unity dll's ...
Register platform support module: E:/Programs/Unity/2021.3.6f1/Editor/Data/PlaybackEngines/AndroidPlayer/UnityEditor.Android.Extensions.dll
Register platform support module: E:/Programs/Unity/2021.3.6f1/Editor/Data/PlaybackEngines/WindowsStandaloneSupport/UnityEditor.WindowsStandalone.Extensions.dll
Registered in 0.003312 seconds.
Native extension for WindowsStandalone target not found
Native extension for Android target not found
Refreshing native plugins compatible for Editor in 93.72 ms, found 3 plugins.
Preloading 0 native plugins for Editor in 0.00 ms.
Mono: successfully reloaded assembly
- Completed reload, in  0.735 seconds
Domain Reload Profiling:
	ReloadAssembly (736ms)
		BeginReloadAssembly (100ms)
			ExecutionOrderSort (0ms)
			DisableScriptedObjects (0ms)
			BackupInstance (0ms)
			ReleaseScriptingObjects (0ms)
			CreateAndSetChildDomain (3ms)
		EndReloadAssembly (519ms)
			LoadAssemblies (98ms)
			RebuildTransferFunctionScriptingTraits (0ms)
			SetupTypeCache (114ms)
			ReleaseScriptCaches (0ms)
			RebuildScriptCaches (30ms)
			SetupLoadedEditorAssemblies (321ms)
				LogAssemblyErrors (0ms)
				InitializePlatformSupportModulesInManaged (62ms)
				SetLoadedEditorAssemblies (0ms)
				RefreshPlugins (94ms)
				BeforeProcessingInitializeOnLoad (2ms)
				ProcessInitializeOnLoadAttributes (113ms)
				ProcessInitializeOnLoadMethodAttributes (50ms)
				AfterProcessingInitializeOnLoad (0ms)
				EditorAssembliesLoaded (0ms)
			ExecutionOrderSort2 (0ms)
			AwakeInstancesAfterBackupRestoration (0ms)
Platform modules already initialized, skipping
Registering precompiled user dll's ...
Registered in 0.009307 seconds.
Begin MonoManager ReloadAssembly
Symbol file LoadedFromMemory doesn't match image C:\Program Files\The Coin Dash(3D Runner)\Library\PackageCache\com.unity.visualscripting@1.7.8\Editor\VisualScripting.Core\Dependencies\YamlDotNet\Unity.VisualScripting.YamlDotNet.dll
Symbol file LoadedFromMemory doesn't match image C:\Program Files\The Coin Dash(3D Runner)\Library\PackageCache\com.unity.visualscripting@1.7.8\Editor\VisualScripting.Core\Dependencies\DotNetZip\Unity.VisualScripting.IonicZip.dll
Native extension for WindowsStandalone target not found
Native extension for Android target not found
Refreshing native plugins compatible for Editor in 0.72 ms, found 3 plugins.
Preloading 0 native plugins for Editor in 0.00 ms.
Mono: successfully reloaded assembly
- Completed reload, in  1.303 seconds
Domain Reload Profiling:
	ReloadAssembly (1304ms)
		BeginReloadAssembly (223ms)
			ExecutionOrderSort (0ms)
			DisableScriptedObjects (7ms)
			BackupInstance (0ms)
			ReleaseScriptingObjects (0ms)
			CreateAndSetChildDomain (123ms)
		EndReloadAssembly (949ms)
			LoadAssemblies (98ms)
			RebuildTransferFunctionScriptingTraits (0ms)
			SetupTypeCache (317ms)
			ReleaseScriptCaches (1ms)
			RebuildScriptCaches (59ms)
			SetupLoadedEditorAssemblies (426ms)
				LogAssemblyErrors (0ms)
				InitializePlatformSupportModulesInManaged (16ms)
				SetLoadedEditorAssemblies (1ms)
				RefreshPlugins (1ms)
				BeforeProcessingInitializeOnLoad (98ms)
				ProcessInitializeOnLoadAttributes (276ms)
				ProcessInitializeOnLoadMethodAttributes (32ms)
				AfterProcessingInitializeOnLoad (3ms)
				EditorAssembliesLoaded (0ms)
			ExecutionOrderSort2 (0ms)
			AwakeInstancesAfterBackupRestoration (6ms)
Platform modules already initialized, skipping
========================================================================
Worker process is ready to serve import requests
Launched and connected shader compiler UnityShaderCompiler.exe after 0.04 seconds
Refreshing native plugins compatible for Editor in 0.64 ms, found 3 plugins.
Preloading 0 native plugins for Editor in 0.00 ms.
Unloading 3378 Unused Serialized files (Serialized files now loaded: 0)
Unloading 27 unused Assets / (111.0 KB). Loaded Objects now: 3842.
Memory consumption went from 119.7 MB to 119.6 MB.
Total: 3.626300 ms (FindLiveObjects: 0.336200 ms CreateObjectMapping: 0.090700 ms MarkObjects: 3.077800 ms  DeleteObjects: 0.120800 ms)

AssetImportParameters requested are different than current active one (requested -> active):
  custom:video-decoder-ogg-theora: a1e56fd34408186e4bbccfd4996cb3dc -> 
  custom:container-muxer-webm: aa71ff27fc2769a1b78a27578f13a17b -> 
  custom:container-demuxer-webm: 4f35f7cbe854078d1ac9338744f61a02 -> 
  custom:video-encoder-webm-vp8: eb34c28f22e8b96e1ab97ce403110664 -> 
  custom:audio-encoder-webm-vorbis: bf7c407c2cedff20999df2af8eb42d56 -> 
  custom:framework-win-MediaFoundation: 216162199b28c13a410421893ffa2e32 -> 
  custom:container-demuxer-ogg: 62fdf1f143b41e24485cea50d1cbac27 -> 
  custom:video-decoder-webm-vp8: 9c59270c3fd7afecdb556c50c9e8de78 -> 
  custom:audio-decoder-ogg-vorbis: bf7c407c2cedff20999df2af8eb42d56 -> 
========================================================================
Received Import Request.
  Time since last request: 94726.797562 seconds.
  path: Assets/PrefabsPlatform/GroundTile_1.prefab
  artifactKey: Guid(7f53288193ef2b5469293563957f7ae3) Importer(815301076,1909f56bfc062723c751e8b465ee728b)
Start importing Assets/PrefabsPlatform/GroundTile_1.prefab using Guid(7f53288193ef2b5469293563957f7ae3) Importer(815301076,1909f56bfc062723c751e8b465ee728b)  -> (artifact id: 'c94b97300ba0b39a234bc6f72f617ee4') in 0.409049 seconds 
========================================================================
Received Import Request.
  Time since last request: 1.138087 seconds.
  path: Assets/PrefabsPlatform/GroundTile_1.prefab
  artifactKey: Guid(7f53288193ef2b5469293563957f7ae3) Importer(815301076,1909f56bfc062723c751e8b465ee728b)
Start importing Assets/PrefabsPlatform/GroundTile_1.prefab using Guid(7f53288193ef2b5469293563957f7ae3) Importer(815301076,1909f56bfc062723c751e8b465ee728b)  -> (artifact id: '8fd0b733f7fc92f52ac9238f9bdce625') in 0.218325 seconds 
========================================================================
Received Import Request.
  Time since last request: 3.602407 seconds.
  path: Assets/PrefabsPlatform/GroundTile_1.prefab
  artifactKey: Guid(7f53288193ef2b5469293563957f7ae3) Importer(815301076,1909f56bfc062723c751e8b465ee728b)
Start importing Assets/PrefabsPlatform/GroundTile_1.prefab using Guid(7f53288193ef2b5469293563957f7ae3) Importer(815301076,1909f56bfc062723c751e8b465ee728b)  -> (artifact id: '7f6785a02b76a0a3473ff64297f1883a') in 0.231874 seconds 
========================================================================
Received Import Request.
  Time since last request: 0.772123 seconds.
  path: Assets/PrefabsPlatform/GroundTile_1.prefab
  artifactKey: Guid(7f53288193ef2b5469293563957f7ae3) Importer(815301076,1909f56bfc062723c751e8b465ee728b)
Start importing Assets/PrefabsPlatform/GroundTile_1.prefab using Guid(7f53288193ef2b5469293563957f7ae3) Importer(815301076,1909f56bfc062723c751e8b465ee728b)  -> (artifact id: 'da0a8db7deaf0e3142779fb78850a865') in 0.225566 seconds 
========================================================================
Received Import Request.
  Time since last request: 4.401442 seconds.
  path: Assets/PrefabsPlatform/GroundTile_1.prefab
  artifactKey: Guid(7f53288193ef2b5469293563957f7ae3) Importer(815301076,1909f56bfc062723c751e8b465ee728b)
Start importing Assets/PrefabsPlatform/GroundTile_1.prefab using Guid(7f53288193ef2b5469293563957f7ae3) Importer(815301076,1909f56bfc062723c751e8b465ee728b)  -> (artifact id: '85d3f3803a7189d2009d93813b756194') in 0.233840 seconds 
========================================================================
Received Import Request.
  Time since last request: 1.370625 seconds.
  path: Assets/PrefabsPlatform/GroundTile_1.prefab
  artifactKey: Guid(7f53288193ef2b5469293563957f7ae3) Importer(815301076,1909f56bfc062723c751e8b465ee728b)
Start importing Assets/PrefabsPlatform/GroundTile_1.prefab using Guid(7f53288193ef2b5469293563957f7ae3) Importer(815301076,1909f56bfc062723c751e8b465ee728b)  -> (artifact id: '7712f4e4fe6122f624bf839bed72a88d') in 0.227268 seconds 
========================================================================
Received Import Request.
  Time since last request: 12.315012 seconds.
  path: Assets/PrefabsPlatform/GroundTile_2.prefab
  artifactKey: Guid(3f42b862945701644b21e3ae4c7b8217) Importer(815301076,1909f56bfc062723c751e8b465ee728b)
Start importing Assets/PrefabsPlatform/GroundTile_2.prefab using Guid(3f42b862945701644b21e3ae4c7b8217) Importer(815301076,1909f56bfc062723c751e8b465ee728b)  -> (artifact id: '345bafb0e408e31478b1d840a21a03fc') in 0.274300 seconds 
========================================================================
Received Import Request.
  Time since last request: 8.183320 seconds.
  path: Assets/PrefabsPlatform/GroundTile_2.prefab
  artifactKey: Guid(3f42b862945701644b21e3ae4c7b8217) Importer(815301076,1909f56bfc062723c751e8b465ee728b)
Start importing Assets/PrefabsPlatform/GroundTile_2.prefab using Guid(3f42b862945701644b21e3ae4c7b8217) Importer(815301076,1909f56bfc062723c751e8b465ee728b)  -> (artifact id: '15ef64836d3796b38341bbd86d07bb54') in 0.298820 seconds 
========================================================================
Received Import Request.
  Time since last request: 8.157298 seconds.
  path: Assets/PrefabsPlatform/GroundTile_2.prefab
  artifactKey: Guid(3f42b862945701644b21e3ae4c7b8217) Importer(815301076,1909f56bfc062723c751e8b465ee728b)
Start importing Assets/PrefabsPlatform/GroundTile_2.prefab using Guid(3f42b862945701644b21e3ae4c7b8217) Importer(815301076,1909f56bfc062723c751e8b465ee728b)  -> (artifact id: 'f80a12d38a55f18f543a39aa875ed76f') in 0.266715 seconds 
========================================================================
Received Import Request.
  Time since last request: 2.146853 seconds.
  path: Assets/PrefabsPlatform/GroundTile_2.prefab
  artifactKey: Guid(3f42b862945701644b21e3ae4c7b8217) Importer(815301076,1909f56bfc062723c751e8b465ee728b)
Start importing Assets/PrefabsPlatform/GroundTile_2.prefab using Guid(3f42b862945701644b21e3ae4c7b8217) Importer(815301076,1909f56bfc062723c751e8b465ee728b)  -> (artifact id: '1ec241a1830bbcdf04a4bc8c30301d0d') in 0.244849 seconds 
========================================================================
Received Import Request.
  Time since last request: 5.189073 seconds.
  path: Assets/PrefabsPlatform/GroundTile_2.prefab
  artifactKey: Guid(3f42b862945701644b21e3ae4c7b8217) Importer(815301076,1909f56bfc062723c751e8b465ee728b)
Start importing Assets/PrefabsPlatform/GroundTile_2.prefab using Guid(3f42b862945701644b21e3ae4c7b8217) Importer(815301076,1909f56bfc062723c751e8b465ee728b)  -> (artifact id: '236d76903ef85558d6e322c9592f463b') in 0.308360 seconds 
========================================================================
Received Import Request.
  Time since last request: 7.358181 seconds.
  path: Assets/PrefabsPlatform/GroundTile_3.prefab
  artifactKey: Guid(37ed0338bea0c284d8793ba94822e8e2) Importer(815301076,1909f56bfc062723c751e8b465ee728b)
Start importing Assets/PrefabsPlatform/GroundTile_3.prefab using Guid(37ed0338bea0c284d8793ba94822e8e2) Importer(815301076,1909f56bfc062723c751e8b465ee728b)  -> (artifact id: '998ff107d409c0b5bbce33dcf4c6f632') in 0.379071 seconds 
========================================================================
Received Import Request.
  Time since last request: 0.609215 seconds.
  path: Assets/PrefabsPlatform/GroundTile_3.prefab
  artifactKey: Guid(37ed0338bea0c284d8793ba94822e8e2) Importer(815301076,1909f56bfc062723c751e8b465ee728b)
Start importing Assets/PrefabsPlatform/GroundTile_3.prefab using Guid(37ed0338bea0c284d8793ba94822e8e2) Importer(815301076,1909f56bfc062723c751e8b465ee728b)  -> (artifact id: '797133a6e106176dc64f3fcea02e28e6') in 0.205474 seconds 
========================================================================
Received Import Request.
  Time since last request: 2.202183 seconds.
  path: Assets/PrefabsPlatform/GroundTile_3.prefab
  artifactKey: Guid(37ed0338bea0c284d8793ba94822e8e2) Importer(815301076,1909f56bfc062723c751e8b465ee728b)
Start importing Assets/PrefabsPlatform/GroundTile_3.prefab using Guid(37ed0338bea0c284d8793ba94822e8e2) Importer(815301076,1909f56bfc062723c751e8b465ee728b)  -> (artifact id: '35f495edee39040081bd1fc234e2777b') in 0.222953 seconds 
========================================================================
Received Import Request.
  Time since last request: 2.387100 seconds.
  path: Assets/PrefabsPlatform/GroundTile_3.prefab
  artifactKey: Guid(37ed0338bea0c284d8793ba94822e8e2) Importer(815301076,1909f56bfc062723c751e8b465ee728b)
Start importing Assets/PrefabsPlatform/GroundTile_3.prefab using Guid(37ed0338bea0c284d8793ba94822e8e2) Importer(815301076,1909f56bfc062723c751e8b465ee728b)  -> (artifact id: 'c8215d488a230f7d09b6f6653058eda0') in 0.228412 seconds 
========================================================================
Received Import Request.
  Time since last request: 0.982069 seconds.
  path: Assets/PrefabsPlatform/GroundTile_3.prefab
  artifactKey: Guid(37ed0338bea0c284d8793ba94822e8e2) Importer(815301076,1909f56bfc062723c751e8b465ee728b)
Start importing Assets/PrefabsPlatform/GroundTile_3.prefab using Guid(37ed0338bea0c284d8793ba94822e8e2) Importer(815301076,1909f56bfc062723c751e8b465ee728b)  -> (artifact id: '1a51d11d38d8f85651c76079452ce227') in 0.219621 seconds 
========================================================================
Received Import Request.
  Time since last request: 4.047078 seconds.
  path: Assets/PrefabsPlatform/GroundTile_4.prefab
  artifactKey: Guid(2a8b6fbcad2ccc74a85a7ead8a1f7da9) Importer(815301076,1909f56bfc062723c751e8b465ee728b)
Start importing Assets/PrefabsPlatform/GroundTile_4.prefab using Guid(2a8b6fbcad2ccc74a85a7ead8a1f7da9) Importer(815301076,1909f56bfc062723c751e8b465ee728b)  -> (artifact id: '206ccb41612dbc73ebedeaa8db92441e') in 0.146413 seconds 
========================================================================
Received Import Request.
  Time since last request: 0.834972 seconds.
  path: Assets/PrefabsPlatform/GroundTile_4.prefab
  artifactKey: Guid(2a8b6fbcad2ccc74a85a7ead8a1f7da9) Importer(815301076,1909f56bfc062723c751e8b465ee728b)
Start importing Assets/PrefabsPlatform/GroundTile_4.prefab using Guid(2a8b6fbcad2ccc74a85a7ead8a1f7da9) Importer(815301076,1909f56bfc062723c751e8b465ee728b)  -> (artifact id: '4e2ec2bbd288780c83ddd5566cfd5e3a') in 0.166872 seconds 
========================================================================
Received Import Request.
  Time since last request: 3.654958 seconds.
  path: Assets/PrefabsPlatform/GroundTile_4.prefab
  artifactKey: Guid(2a8b6fbcad2ccc74a85a7ead8a1f7da9) Importer(815301076,1909f56bfc062723c751e8b465ee728b)
Start importing Assets/PrefabsPlatform/GroundTile_4.prefab using Guid(2a8b6fbcad2ccc74a85a7ead8a1f7da9) Importer(815301076,1909f56bfc062723c751e8b465ee728b)  -> (artifact id: '7359bb92cbc874874af4550034835682') in 0.145493 seconds 
========================================================================
Received Import Request.
  Time since last request: 1.060876 seconds.
  path: Assets/PrefabsPlatform/GroundTile_4.prefab
  artifactKey: Guid(2a8b6fbcad2ccc74a85a7ead8a1f7da9) Importer(815301076,1909f56bfc062723c751e8b465ee728b)
Start importing Assets/PrefabsPlatform/GroundTile_4.prefab using Guid(2a8b6fbcad2ccc74a85a7ead8a1f7da9) Importer(815301076,1909f56bfc062723c751e8b465ee728b)  -> (artifact id: '3fd0e6953c102579f10f2d42275f2f0b') in 0.168701 seconds 
========================================================================
Received Import Request.
  Time since last request: 1.434874 seconds.
  path: Assets/PrefabsPlatform/GroundTile_4.prefab
  artifactKey: Guid(2a8b6fbcad2ccc74a85a7ead8a1f7da9) Importer(815301076,1909f56bfc062723c751e8b465ee728b)
Start importing Assets/PrefabsPlatform/GroundTile_4.prefab using Guid(2a8b6fbcad2ccc74a85a7ead8a1f7da9) Importer(815301076,1909f56bfc062723c751e8b465ee728b)  -> (artifact id: 'e6d207702d4482b51338d384fc98c5c2') in 0.135832 seconds 
========================================================================
Received Import Request.
  Time since last request: 5.697354 seconds.
  path: Assets/PrefabsPlatform/GroundTile_4.prefab
  artifactKey: Guid(2a8b6fbcad2ccc74a85a7ead8a1f7da9) Importer(815301076,1909f56bfc062723c751e8b465ee728b)
Start importing Assets/PrefabsPlatform/GroundTile_4.prefab using Guid(2a8b6fbcad2ccc74a85a7ead8a1f7da9) Importer(815301076,1909f56bfc062723c751e8b465ee728b)  -> (artifact id: '45fdd13a1470d4670c68b0cb678cc8d1') in 0.144119 seconds 
========================================================================
Received Import Request.
  Time since last request: 1.053068 seconds.
  path: Assets/PrefabsPlatform/GroundTile_4.prefab
  artifactKey: Guid(2a8b6fbcad2ccc74a85a7ead8a1f7da9) Importer(815301076,1909f56bfc062723c751e8b465ee728b)
Start importing Assets/PrefabsPlatform/GroundTile_4.prefab using Guid(2a8b6fbcad2ccc74a85a7ead8a1f7da9) Importer(815301076,1909f56bfc062723c751e8b465ee728b)  -> (artifact id: 'eb00b5e6293796c8058d19707a8bebea') in 0.148874 seconds 
========================================================================
Received Import Request.
  Time since last request: 5.711139 seconds.
  path: Assets/PrefabsPlatform/GroundTile_5.prefab
  artifactKey: Guid(0302f6b320ca69f48a41653fc08d3860) Importer(815301076,1909f56bfc062723c751e8b465ee728b)
Start importing Assets/PrefabsPlatform/GroundTile_5.prefab using Guid(0302f6b320ca69f48a41653fc08d3860) Importer(815301076,1909f56bfc062723c751e8b465ee728b)  -> (artifact id: '92b762cc46c66605bb7f2bf12e1c377b') in 0.144801 seconds 
========================================================================
Received Import Request.
  Time since last request: 0.837189 seconds.
  path: Assets/PrefabsPlatform/GroundTile_5.prefab
  artifactKey: Guid(0302f6b320ca69f48a41653fc08d3860) Importer(815301076,1909f56bfc062723c751e8b465ee728b)
Start importing Assets/PrefabsPlatform/GroundTile_5.prefab using Guid(0302f6b320ca69f48a41653fc08d3860) Importer(815301076,1909f56bfc062723c751e8b465ee728b)  -> (artifact id: 'becbea2863ae41361b6766061267c3b7') in 0.144399 seconds 
========================================================================
Received Import Request.
  Time since last request: 1.456474 seconds.
  path: Assets/PrefabsPlatform/GroundTile_5.prefab
  artifactKey: Guid(0302f6b320ca69f48a41653fc08d3860) Importer(815301076,1909f56bfc062723c751e8b465ee728b)
Start importing Assets/PrefabsPlatform/GroundTile_5.prefab using Guid(0302f6b320ca69f48a41653fc08d3860) Importer(815301076,1909f56bfc062723c751e8b465ee728b)  -> (artifact id: 'd78f99733c6f12b0c5c939b44ed2b8a1') in 0.141639 seconds 
========================================================================
Received Import Request.
  Time since last request: 1.262259 seconds.
  path: Assets/PrefabsPlatform/GroundTile_5.prefab
  artifactKey: Guid(0302f6b320ca69f48a41653fc08d3860) Importer(815301076,1909f56bfc062723c751e8b465ee728b)
Start importing Assets/PrefabsPlatform/GroundTile_5.prefab using Guid(0302f6b320ca69f48a41653fc08d3860) Importer(815301076,1909f56bfc062723c751e8b465ee728b)  -> (artifact id: '615707156401bfa36d691ed60cffbd9c') in 0.151653 seconds 
========================================================================
Received Import Request.
  Time since last request: 3.465914 seconds.
  path: Assets/PrefabsPlatform/GroundTile_5.prefab
  artifactKey: Guid(0302f6b320ca69f48a41653fc08d3860) Importer(815301076,1909f56bfc062723c751e8b465ee728b)
Start importing Assets/PrefabsPlatform/GroundTile_5.prefab using Guid(0302f6b320ca69f48a41653fc08d3860) Importer(815301076,1909f56bfc062723c751e8b465ee728b)  -> (artifact id: '87cc836887373266e5f28c3253a3c831') in 0.144285 seconds 
========================================================================
Received Import Request.
  Time since last request: 0.863049 seconds.
  path: Assets/PrefabsPlatform/GroundTile_5.prefab
  artifactKey: Guid(0302f6b320ca69f48a41653fc08d3860) Importer(815301076,1909f56bfc062723c751e8b465ee728b)
Start importing Assets/PrefabsPlatform/GroundTile_5.prefab using Guid(0302f6b320ca69f48a41653fc08d3860) Importer(815301076,1909f56bfc062723c751e8b465ee728b)  -> (artifact id: 'd291bc740d62a8eaae60ad807dfe060e') in 0.164377 seconds 
========================================================================
Received Import Request.
  Time since last request: 9.914507 seconds.
  path: Assets/PrefabsPlatform/GroundTile_Start.prefab
  artifactKey: Guid(c8512b9b6c599bd4cb521a56bdafbea3) Importer(815301076,1909f56bfc062723c751e8b465ee728b)
Start importing Assets/PrefabsPlatform/GroundTile_Start.prefab using Guid(c8512b9b6c599bd4cb521a56bdafbea3) Importer(815301076,1909f56bfc062723c751e8b465ee728b)  -> (artifact id: '65321324a443dd0bc48430d2677cbd1e') in 0.222820 seconds 
========================================================================
Received Import Request.
  Time since last request: 0.959165 seconds.
  path: Assets/PrefabsPlatform/GroundTile_Start.prefab
  artifactKey: Guid(c8512b9b6c599bd4cb521a56bdafbea3) Importer(815301076,1909f56bfc062723c751e8b465ee728b)
Start importing Assets/PrefabsPlatform/GroundTile_Start.prefab using Guid(c8512b9b6c599bd4cb521a56bdafbea3) Importer(815301076,1909f56bfc062723c751e8b465ee728b)  -> (artifact id: 'b1f18406c934b4ded32d670b6eae1569') in 0.198570 seconds 
========================================================================
Received Import Request.
  Time since last request: 1.413550 seconds.
  path: Assets/PrefabsPlatform/GroundTile_Start.prefab
  artifactKey: Guid(c8512b9b6c599bd4cb521a56bdafbea3) Importer(815301076,1909f56bfc062723c751e8b465ee728b)
Start importing Assets/PrefabsPlatform/GroundTile_Start.prefab using Guid(c8512b9b6c599bd4cb521a56bdafbea3) Importer(815301076,1909f56bfc062723c751e8b465ee728b)  -> (artifact id: 'e380190ad719011310355110aacec9ae') in 0.202348 seconds 
========================================================================
Received Import Request.
  Time since last request: 2.007527 seconds.
  path: Assets/PrefabsPlatform/GroundTile_Start.prefab
  artifactKey: Guid(c8512b9b6c599bd4cb521a56bdafbea3) Importer(815301076,1909f56bfc062723c751e8b465ee728b)
Start importing Assets/PrefabsPlatform/GroundTile_Start.prefab using Guid(c8512b9b6c599bd4cb521a56bdafbea3) Importer(815301076,1909f56bfc062723c751e8b465ee728b)  -> (artifact id: '9c2de07fb41c7d4ff30c6fc3923d5e2a') in 0.179353 seconds 
========================================================================
Received Import Request.
  Time since last request: 2.428692 seconds.
  path: Assets/PrefabsPlatform/GroundTile_Start.prefab
  artifactKey: Guid(c8512b9b6c599bd4cb521a56bdafbea3) Importer(815301076,1909f56bfc062723c751e8b465ee728b)
Start importing Assets/PrefabsPlatform/GroundTile_Start.prefab using Guid(c8512b9b6c599bd4cb521a56bdafbea3) Importer(815301076,1909f56bfc062723c751e8b465ee728b)  -> (artifact id: 'b49d64cc65f42a6b00686a5550b08323') in 0.195521 seconds 
========================================================================
Received Import Request.
  Time since last request: 1.006969 seconds.
  path: Assets/PrefabsPlatform/GroundTile_Start.prefab
  artifactKey: Guid(c8512b9b6c599bd4cb521a56bdafbea3) Importer(815301076,1909f56bfc062723c751e8b465ee728b)
Start importing Assets/PrefabsPlatform/GroundTile_Start.prefab using Guid(c8512b9b6c599bd4cb521a56bdafbea3) Importer(815301076,1909f56bfc062723c751e8b465ee728b)  -> (artifact id: '0b9798323d9bc484cc938f07eed2d6f9') in 0.209529 seconds 
========================================================================
Received Prepare
Registering precompiled user dll's ...
Registered in 0.009185 seconds.
Begin MonoManager ReloadAssembly
Symbol file LoadedFromMemory doesn't match image C:\Program Files\The Coin Dash(3D Runner)\Library\PackageCache\com.unity.visualscripting@1.7.8\Editor\VisualScripting.Core\Dependencies\YamlDotNet\Unity.VisualScripting.YamlDotNet.dll
Symbol file LoadedFromMemory doesn't match image C:\Program Files\The Coin Dash(3D Runner)\Library\PackageCache\com.unity.visualscripting@1.7.8\Editor\VisualScripting.Core\Dependencies\DotNetZip\Unity.VisualScripting.IonicZip.dll
Native extension for WindowsStandalone target not found
Native extension for Android target not found
Refreshing native plugins compatible for Editor in 0.71 ms, found 3 plugins.
Preloading 0 native plugins for Editor in 0.00 ms.
Mono: successfully reloaded assembly
- Completed reload, in  1.131 seconds
Domain Reload Profiling:
	ReloadAssembly (1132ms)
		BeginReloadAssembly (144ms)
			ExecutionOrderSort (0ms)
			DisableScriptedObjects (6ms)
			BackupInstance (0ms)
			ReleaseScriptingObjects (0ms)
			CreateAndSetChildDomain (38ms)
		EndReloadAssembly (870ms)
			LoadAssemblies (94ms)
			RebuildTransferFunctionScriptingTraits (0ms)
			SetupTypeCache (294ms)
			ReleaseScriptCaches (2ms)
			RebuildScriptCaches (51ms)
			SetupLoadedEditorAssemblies (379ms)
				LogAssemblyErrors (0ms)
				InitializePlatformSupportModulesInManaged (24ms)
				SetLoadedEditorAssemblies (1ms)
				RefreshPlugins (1ms)
				BeforeProcessingInitializeOnLoad (69ms)
				ProcessInitializeOnLoadAttributes (249ms)
				ProcessInitializeOnLoadMethodAttributes (32ms)
				AfterProcessingInitializeOnLoad (3ms)
				EditorAssembliesLoaded (0ms)
			ExecutionOrderSort2 (0ms)
			AwakeInstancesAfterBackupRestoration (7ms)
Platform modules already initialized, skipping
Refreshing native plugins compatible for Editor in 2.61 ms, found 3 plugins.
Preloading 0 native plugins for Editor in 0.00 ms.
Unloading 3373 Unused Serialized files (Serialized files now loaded: 0)
Unloading 20 unused Assets / (78.2 KB). Loaded Objects now: 3852.
Memory consumption went from 124.7 MB to 124.6 MB.
Total: 3.959200 ms (FindLiveObjects: 0.300200 ms CreateObjectMapping: 0.124100 ms MarkObjects: 3.420800 ms  DeleteObjects: 0.112900 ms)

AssetImportParameters requested are different than current active one (requested -> active):
  custom:video-decoder-ogg-theora: a1e56fd34408186e4bbccfd4996cb3dc -> 
  custom:container-muxer-webm: aa71ff27fc2769a1b78a27578f13a17b -> 
  custom:container-demuxer-webm: 4f35f7cbe854078d1ac9338744f61a02 -> 
  custom:video-encoder-webm-vp8: eb34c28f22e8b96e1ab97ce403110664 -> 
  custom:audio-encoder-webm-vorbis: bf7c407c2cedff20999df2af8eb42d56 -> 
  custom:framework-win-MediaFoundation: 216162199b28c13a410421893ffa2e32 -> 
  custom:container-demuxer-ogg: 62fdf1f143b41e24485cea50d1cbac27 -> 
  custom:video-decoder-webm-vp8: 9c59270c3fd7afecdb556c50c9e8de78 -> 
  custom:audio-decoder-ogg-vorbis: bf7c407c2cedff20999df2af8eb42d56 -> 
========================================================================
Received Import Request.
  Time since last request: 75.125345 seconds.
  path: Assets/Scripts/PlayerController.cs
  artifactKey: Guid(b67c33f58201b1f4f88a0784bb3d5aa1) Importer(815301076,1909f56bfc062723c751e8b465ee728b)
Start importing Assets/Scripts/PlayerController.cs using Guid(b67c33f58201b1f4f88a0784bb3d5aa1) Importer(815301076,1909f56bfc062723c751e8b465ee728b)  -> (artifact id: 'bfd14f5635142597e1c343fb12641ca7') in 0.016088 seconds 
========================================================================
Received Import Request.
  Time since last request: 209.437030 seconds.
  path: Assets/Scripts/PlayerController.cs
  artifactKey: Guid(b67c33f58201b1f4f88a0784bb3d5aa1) Importer(815301076,1909f56bfc062723c751e8b465ee728b)
Start importing Assets/Scripts/PlayerController.cs using Guid(b67c33f58201b1f4f88a0784bb3d5aa1) Importer(815301076,1909f56bfc062723c751e8b465ee728b)  -> (artifact id: '878677e81435d8df019631a4c120e9ad') in 0.002352 seconds 
========================================================================
Received Prepare
Registering precompiled user dll's ...
Registered in 0.012671 seconds.
Begin MonoManager ReloadAssembly
Symbol file LoadedFromMemory doesn't match image C:\Program Files\The Coin Dash(3D Runner)\Library\PackageCache\com.unity.visualscripting@1.7.8\Editor\VisualScripting.Core\Dependencies\YamlDotNet\Unity.VisualScripting.YamlDotNet.dll
Symbol file LoadedFromMemory doesn't match image C:\Program Files\The Coin Dash(3D Runner)\Library\PackageCache\com.unity.visualscripting@1.7.8\Editor\VisualScripting.Core\Dependencies\DotNetZip\Unity.VisualScripting.IonicZip.dll
Native extension for WindowsStandalone target not found
Native extension for Android target not found
Refreshing native plugins compatible for Editor in 0.68 ms, found 3 plugins.
Preloading 0 native plugins for Editor in 0.00 ms.
Mono: successfully reloaded assembly
- Completed reload, in  1.147 seconds
Domain Reload Profiling:
	ReloadAssembly (1148ms)
		BeginReloadAssembly (153ms)
			ExecutionOrderSort (0ms)
			DisableScriptedObjects (7ms)
			BackupInstance (0ms)
			ReleaseScriptingObjects (0ms)
			CreateAndSetChildDomain (38ms)
		EndReloadAssembly (876ms)
			LoadAssemblies (99ms)
			RebuildTransferFunctionScriptingTraits (0ms)
			SetupTypeCache (304ms)
			ReleaseScriptCaches (2ms)
			RebuildScriptCaches (48ms)
			SetupLoadedEditorAssemblies (375ms)
				LogAssemblyErrors (0ms)
				InitializePlatformSupportModulesInManaged (23ms)
				SetLoadedEditorAssemblies (1ms)
				RefreshPlugins (1ms)
				BeforeProcessingInitializeOnLoad (69ms)
				ProcessInitializeOnLoadAttributes (246ms)
				ProcessInitializeOnLoadMethodAttributes (32ms)
				AfterProcessingInitializeOnLoad (3ms)
				EditorAssembliesLoaded (0ms)
			ExecutionOrderSort2 (0ms)
			AwakeInstancesAfterBackupRestoration (6ms)
Platform modules already initialized, skipping
Refreshing native plugins compatible for Editor in 2.38 ms, found 3 plugins.
Preloading 0 native plugins for Editor in 0.00 ms.
Unloading 3373 Unused Serialized files (Serialized files now loaded: 0)
Unloading 20 unused Assets / (78.3 KB). Loaded Objects now: 3855.
Memory consumption went from 124.7 MB to 124.6 MB.
Total: 3.289400 ms (FindLiveObjects: 0.267700 ms CreateObjectMapping: 0.079500 ms MarkObjects: 2.857700 ms  DeleteObjects: 0.083800 ms)

AssetImportParameters requested are different than current active one (requested -> active):
  custom:video-decoder-ogg-theora: a1e56fd34408186e4bbccfd4996cb3dc -> 
  custom:container-muxer-webm: aa71ff27fc2769a1b78a27578f13a17b -> 
  custom:container-demuxer-webm: 4f35f7cbe854078d1ac9338744f61a02 -> 
  custom:video-encoder-webm-vp8: eb34c28f22e8b96e1ab97ce403110664 -> 
  custom:audio-encoder-webm-vorbis: bf7c407c2cedff20999df2af8eb42d56 -> 
  custom:framework-win-MediaFoundation: 216162199b28c13a410421893ffa2e32 -> 
  custom:container-demuxer-ogg: 62fdf1f143b41e24485cea50d1cbac27 -> 
  custom:video-decoder-webm-vp8: 9c59270c3fd7afecdb556c50c9e8de78 -> 
  custom:audio-decoder-ogg-vorbis: bf7c407c2cedff20999df2af8eb42d56 -> 
========================================================================
Received Import Request.
  Time since last request: 17.366831 seconds.
  path: Assets/Scenes/GameScene.unity
  artifactKey: Guid(9fc0d4010bbf28b4594072e72b8655ab) Importer(815301076,1909f56bfc062723c751e8b465ee728b)
Start importing Assets/Scenes/GameScene.unity using Guid(9fc0d4010bbf28b4594072e72b8655ab) Importer(815301076,1909f56bfc062723c751e8b465ee728b)  -> (artifact id: '9976b204c0260b21ea70dfac65bfa5c1') in 0.011501 seconds 
========================================================================
Received Import Request.
  Time since last request: 18.932664 seconds.
  path: Assets/Music/Монетка.mp3
  artifactKey: Guid(c72fc388689cbc549a53a9ef801c2d05) Importer(815301076,1909f56bfc062723c751e8b465ee728b)
Start importing Assets/Music/Монетка.mp3 using Guid(c72fc388689cbc549a53a9ef801c2d05) Importer(815301076,1909f56bfc062723c751e8b465ee728b)  -> (artifact id: 'da3899bea4b2fc5f28a5945d0d6d34da') in 0.094422 seconds 
========================================================================
Received Import Request.
  Time since last request: 6.173688 seconds.
  path: Assets/Music/Star.mp3
  artifactKey: Guid(d5bae2863ab431e4aba0cfcf608f04b3) Importer(815301076,1909f56bfc062723c751e8b465ee728b)
Start importing Assets/Music/Star.mp3 using Guid(d5bae2863ab431e4aba0cfcf608f04b3) Importer(815301076,1909f56bfc062723c751e8b465ee728b)  -> (artifact id: '58c880544db3f1ecedc89a6dcb0133b2') in 0.017553 seconds 
========================================================================
Received Import Request.
  Time since last request: 11.716872 seconds.
  path: Assets/Music/Coin.mp3
  artifactKey: Guid(d5bae2863ab431e4aba0cfcf608f04b3) Importer(815301076,1909f56bfc062723c751e8b465ee728b)
Start importing Assets/Music/Coin.mp3 using Guid(d5bae2863ab431e4aba0cfcf608f04b3) Importer(815301076,1909f56bfc062723c751e8b465ee728b)  -> (artifact id: 'ad66fb322745b589748a5c9bf56884ff') in 0.014536 seconds 
========================================================================
Received Prepare
Registering precompiled user dll's ...
Registered in 0.011076 seconds.
Begin MonoManager ReloadAssembly
Symbol file LoadedFromMemory doesn't match image C:\Program Files\The Coin Dash(3D Runner)\Library\PackageCache\com.unity.visualscripting@1.7.8\Editor\VisualScripting.Core\Dependencies\YamlDotNet\Unity.VisualScripting.YamlDotNet.dll
Symbol file LoadedFromMemory doesn't match image C:\Program Files\The Coin Dash(3D Runner)\Library\PackageCache\com.unity.visualscripting@1.7.8\Editor\VisualScripting.Core\Dependencies\DotNetZip\Unity.VisualScripting.IonicZip.dll
Native extension for WindowsStandalone target not found
Native extension for Android target not found
Refreshing native plugins compatible for Editor in 1.15 ms, found 3 plugins.
Preloading 0 native plugins for Editor in 0.00 ms.
Mono: successfully reloaded assembly
- Completed reload, in  1.348 seconds
Domain Reload Profiling:
	ReloadAssembly (1349ms)
		BeginReloadAssembly (169ms)
			ExecutionOrderSort (0ms)
			DisableScriptedObjects (7ms)
			BackupInstance (0ms)
			ReleaseScriptingObjects (0ms)
			CreateAndSetChildDomain (38ms)
		EndReloadAssembly (978ms)
			LoadAssemblies (142ms)
			RebuildTransferFunctionScriptingTraits (0ms)
			SetupTypeCache (337ms)
			ReleaseScriptCaches (1ms)
			RebuildScriptCaches (45ms)
			SetupLoadedEditorAssemblies (414ms)
				LogAssemblyErrors (0ms)
				InitializePlatformSupportModulesInManaged (26ms)
				SetLoadedEditorAssemblies (1ms)
				RefreshPlugins (1ms)
				BeforeProcessingInitializeOnLoad (83ms)
				ProcessInitializeOnLoadAttributes (260ms)
				ProcessInitializeOnLoadMethodAttributes (41ms)
				AfterProcessingInitializeOnLoad (3ms)
				EditorAssembliesLoaded (0ms)
			ExecutionOrderSort2 (0ms)
			AwakeInstancesAfterBackupRestoration (7ms)
Platform modules already initialized, skipping
Refreshing native plugins compatible for Editor in 2.88 ms, found 3 plugins.
Preloading 0 native plugins for Editor in 0.00 ms.
Unloading 3373 Unused Serialized files (Serialized files now loaded: 0)
Unloading 20 unused Assets / (78.3 KB). Loaded Objects now: 3860.
Memory consumption went from 124.7 MB to 124.7 MB.
Total: 3.685900 ms (FindLiveObjects: 0.285800 ms CreateObjectMapping: 0.080300 ms MarkObjects: 3.217000 ms  DeleteObjects: 0.101600 ms)

AssetImportParameters requested are different than current active one (requested -> active):
  custom:video-decoder-ogg-theora: a1e56fd34408186e4bbccfd4996cb3dc -> 
  custom:container-muxer-webm: aa71ff27fc2769a1b78a27578f13a17b -> 
  custom:container-demuxer-webm: 4f35f7cbe854078d1ac9338744f61a02 -> 
  custom:video-encoder-webm-vp8: eb34c28f22e8b96e1ab97ce403110664 -> 
  custom:audio-encoder-webm-vorbis: bf7c407c2cedff20999df2af8eb42d56 -> 
  custom:framework-win-MediaFoundation: 216162199b28c13a410421893ffa2e32 -> 
  custom:container-demuxer-ogg: 62fdf1f143b41e24485cea50d1cbac27 -> 
  custom:video-decoder-webm-vp8: 9c59270c3fd7afecdb556c50c9e8de78 -> 
  custom:audio-decoder-ogg-vorbis: bf7c407c2cedff20999df2af8eb42d56 -> 
========================================================================
Received Import Request.
  Time since last request: 185.267719 seconds.
  path: Assets/Music/StarBonus.mp3
  artifactKey: Guid(5c4ab498a3b52e740b73efa6f597c116) Importer(815301076,1909f56bfc062723c751e8b465ee728b)
Start importing Assets/Music/StarBonus.mp3 using Guid(5c4ab498a3b52e740b73efa6f597c116) Importer(815301076,1909f56bfc062723c751e8b465ee728b)  -> (artifact id: 'b44b51d675c34e80001176e7b8c9a2d1') in 0.058696 seconds 
========================================================================
Received Import Request.
  Time since last request: 62.014440 seconds.
  path: Assets/Music/ShieldBonus.mp3
  artifactKey: Guid(31d6878f3a973fa418ba39a0e1c22a60) Importer(815301076,1909f56bfc062723c751e8b465ee728b)
Start importing Assets/Music/ShieldBonus.mp3 using Guid(31d6878f3a973fa418ba39a0e1c22a60) Importer(815301076,1909f56bfc062723c751e8b465ee728b)  -> (artifact id: 'cdd35c1edbbe36c5a5769b9d85e4a5a7') in 0.017582 seconds 
========================================================================
Received Import Request.
  Time since last request: 115.526939 seconds.
  path: Assets/Scripts/PlayerController.cs
  artifactKey: Guid(b67c33f58201b1f4f88a0784bb3d5aa1) Importer(815301076,1909f56bfc062723c751e8b465ee728b)
Start importing Assets/Scripts/PlayerController.cs using Guid(b67c33f58201b1f4f88a0784bb3d5aa1) Importer(815301076,1909f56bfc062723c751e8b465ee728b)  -> (artifact id: '7e9c6ed11e3d1e3cc3367bf16bdad43f') in 0.002787 seconds 
========================================================================
Received Prepare
Registering precompiled user dll's ...
Registered in 0.009384 seconds.
Begin MonoManager ReloadAssembly
Symbol file LoadedFromMemory doesn't match image C:\Program Files\The Coin Dash(3D Runner)\Library\PackageCache\com.unity.visualscripting@1.7.8\Editor\VisualScripting.Core\Dependencies\YamlDotNet\Unity.VisualScripting.YamlDotNet.dll
Symbol file LoadedFromMemory doesn't match image C:\Program Files\The Coin Dash(3D Runner)\Library\PackageCache\com.unity.visualscripting@1.7.8\Editor\VisualScripting.Core\Dependencies\DotNetZip\Unity.VisualScripting.IonicZip.dll
Native extension for WindowsStandalone target not found
Native extension for Android target not found
Refreshing native plugins compatible for Editor in 0.69 ms, found 3 plugins.
Preloading 0 native plugins for Editor in 0.00 ms.
Mono: successfully reloaded assembly
- Completed reload, in  1.114 seconds
Domain Reload Profiling:
	ReloadAssembly (1114ms)
		BeginReloadAssembly (141ms)
			ExecutionOrderSort (0ms)
			DisableScriptedObjects (7ms)
			BackupInstance (0ms)
			ReleaseScriptingObjects (0ms)
			CreateAndSetChildDomain (38ms)
		EndReloadAssembly (864ms)
			LoadAssemblies (91ms)
			RebuildTransferFunctionScriptingTraits (0ms)
			SetupTypeCache (302ms)
			ReleaseScriptCaches (1ms)
			RebuildScriptCaches (45ms)
			SetupLoadedEditorAssemblies (374ms)
				LogAssemblyErrors (0ms)
				InitializePlatformSupportModulesInManaged (23ms)
				SetLoadedEditorAssemblies (1ms)
				RefreshPlugins (1ms)
				BeforeProcessingInitializeOnLoad (79ms)
				ProcessInitializeOnLoadAttributes (239ms)
				ProcessInitializeOnLoadMethodAttributes (30ms)
				AfterProcessingInitializeOnLoad (3ms)
				EditorAssembliesLoaded (0ms)
			ExecutionOrderSort2 (0ms)
			AwakeInstancesAfterBackupRestoration (6ms)
Platform modules already initialized, skipping
Refreshing native plugins compatible for Editor in 2.66 ms, found 3 plugins.
Preloading 0 native plugins for Editor in 0.00 ms.
Unloading 3373 Unused Serialized files (Serialized files now loaded: 0)
Unloading 20 unused Assets / (78.2 KB). Loaded Objects now: 3863.
Memory consumption went from 124.8 MB to 124.7 MB.
Total: 3.442300 ms (FindLiveObjects: 0.279100 ms CreateObjectMapping: 0.079600 ms MarkObjects: 2.986800 ms  DeleteObjects: 0.095800 ms)

AssetImportParameters requested are different than current active one (requested -> active):
  custom:video-decoder-ogg-theora: a1e56fd34408186e4bbccfd4996cb3dc -> 
  custom:container-muxer-webm: aa71ff27fc2769a1b78a27578f13a17b -> 
  custom:container-demuxer-webm: 4f35f7cbe854078d1ac9338744f61a02 -> 
  custom:video-encoder-webm-vp8: eb34c28f22e8b96e1ab97ce403110664 -> 
  custom:audio-encoder-webm-vorbis: bf7c407c2cedff20999df2af8eb42d56 -> 
  custom:framework-win-MediaFoundation: 216162199b28c13a410421893ffa2e32 -> 
  custom:container-demuxer-ogg: 62fdf1f143b41e24485cea50d1cbac27 -> 
  custom:video-decoder-webm-vp8: 9c59270c3fd7afecdb556c50c9e8de78 -> 
  custom:audio-decoder-ogg-vorbis: bf7c407c2cedff20999df2af8eb42d56 -> 
========================================================================
Received Prepare
Registering precompiled user dll's ...
Registered in 0.009148 seconds.
Begin MonoManager ReloadAssembly
Symbol file LoadedFromMemory doesn't match image C:\Program Files\The Coin Dash(3D Runner)\Library\PackageCache\com.unity.visualscripting@1.7.8\Editor\VisualScripting.Core\Dependencies\YamlDotNet\Unity.VisualScripting.YamlDotNet.dll
Symbol file LoadedFromMemory doesn't match image C:\Program Files\The Coin Dash(3D Runner)\Library\PackageCache\com.unity.visualscripting@1.7.8\Editor\VisualScripting.Core\Dependencies\DotNetZip\Unity.VisualScripting.IonicZip.dll
Native extension for WindowsStandalone target not found
Native extension for Android target not found
Refreshing native plugins compatible for Editor in 0.71 ms, found 3 plugins.
Preloading 0 native plugins for Editor in 0.00 ms.
Mono: successfully reloaded assembly
- Completed reload, in  1.175 seconds
Domain Reload Profiling:
	ReloadAssembly (1176ms)
		BeginReloadAssembly (145ms)
			ExecutionOrderSort (0ms)
			DisableScriptedObjects (6ms)
			BackupInstance (0ms)
			ReleaseScriptingObjects (0ms)
			CreateAndSetChildDomain (36ms)
		EndReloadAssembly (914ms)
			LoadAssemblies (97ms)
			RebuildTransferFunctionScriptingTraits (0ms)
			SetupTypeCache (305ms)
			ReleaseScriptCaches (1ms)
			RebuildScriptCaches (47ms)
			SetupLoadedEditorAssemblies (413ms)
				LogAssemblyErrors (0ms)
				InitializePlatformSupportModulesInManaged (24ms)
				SetLoadedEditorAssemblies (1ms)
				RefreshPlugins (1ms)
				BeforeProcessingInitializeOnLoad (81ms)
				ProcessInitializeOnLoadAttributes (265ms)
				ProcessInitializeOnLoadMethodAttributes (38ms)
				AfterProcessingInitializeOnLoad (4ms)
				EditorAssembliesLoaded (0ms)
			ExecutionOrderSort2 (0ms)
			AwakeInstancesAfterBackupRestoration (7ms)
Platform modules already initialized, skipping
Refreshing native plugins compatible for Editor in 2.41 ms, found 3 plugins.
Preloading 0 native plugins for Editor in 0.00 ms.
Unloading 3373 Unused Serialized files (Serialized files now loaded: 0)
Unloading 20 unused Assets / (78.2 KB). Loaded Objects now: 3866.
Memory consumption went from 124.8 MB to 124.7 MB.
Total: 3.363100 ms (FindLiveObjects: 0.278000 ms CreateObjectMapping: 0.085300 ms MarkObjects: 2.904100 ms  DeleteObjects: 0.094800 ms)

AssetImportParameters requested are different than current active one (requested -> active):
  custom:video-decoder-ogg-theora: a1e56fd34408186e4bbccfd4996cb3dc -> 
  custom:container-muxer-webm: aa71ff27fc2769a1b78a27578f13a17b -> 
  custom:container-demuxer-webm: 4f35f7cbe854078d1ac9338744f61a02 -> 
  custom:video-encoder-webm-vp8: eb34c28f22e8b96e1ab97ce403110664 -> 
  custom:audio-encoder-webm-vorbis: bf7c407c2cedff20999df2af8eb42d56 -> 
  custom:framework-win-MediaFoundation: 216162199b28c13a410421893ffa2e32 -> 
  custom:container-demuxer-ogg: 62fdf1f143b41e24485cea50d1cbac27 -> 
  custom:video-decoder-webm-vp8: 9c59270c3fd7afecdb556c50c9e8de78 -> 
  custom:audio-decoder-ogg-vorbis: bf7c407c2cedff20999df2af8eb42d56 -> 
========================================================================
Received Prepare
Registering precompiled user dll's ...
Registered in 0.009226 seconds.
Begin MonoManager ReloadAssembly
Symbol file LoadedFromMemory doesn't match image C:\Program Files\The Coin Dash(3D Runner)\Library\PackageCache\com.unity.visualscripting@1.7.8\Editor\VisualScripting.Core\Dependencies\YamlDotNet\Unity.VisualScripting.YamlDotNet.dll
Symbol file LoadedFromMemory doesn't match image C:\Program Files\The Coin Dash(3D Runner)\Library\PackageCache\com.unity.visualscripting@1.7.8\Editor\VisualScripting.Core\Dependencies\DotNetZip\Unity.VisualScripting.IonicZip.dll
Native extension for WindowsStandalone target not found
Native extension for Android target not found
Refreshing native plugins compatible for Editor in 1.07 ms, found 3 plugins.
Preloading 0 native plugins for Editor in 0.00 ms.
Mono: successfully reloaded assembly
- Completed reload, in  1.224 seconds
Domain Reload Profiling:
	ReloadAssembly (1225ms)
		BeginReloadAssembly (150ms)
			ExecutionOrderSort (0ms)
			DisableScriptedObjects (7ms)
			BackupInstance (0ms)
			ReleaseScriptingObjects (0ms)
			CreateAndSetChildDomain (45ms)
		EndReloadAssembly (955ms)
			LoadAssemblies (94ms)
			RebuildTransferFunctionScriptingTraits (0ms)
			SetupTypeCache (328ms)
			ReleaseScriptCaches (1ms)
			RebuildScriptCaches (50ms)
			SetupLoadedEditorAssemblies (418ms)
				LogAssemblyErrors (0ms)
				InitializePlatformSupportModulesInManaged (25ms)
				SetLoadedEditorAssemblies (1ms)
				RefreshPlugins (1ms)
				BeforeProcessingInitializeOnLoad (83ms)
				ProcessInitializeOnLoadAttributes (270ms)
				ProcessInitializeOnLoadMethodAttributes (34ms)
				AfterProcessingInitializeOnLoad (3ms)
				EditorAssembliesLoaded (0ms)
			ExecutionOrderSort2 (0ms)
			AwakeInstancesAfterBackupRestoration (7ms)
Platform modules already initialized, skipping
Refreshing native plugins compatible for Editor in 3.31 ms, found 3 plugins.
Preloading 0 native plugins for Editor in 0.00 ms.
Unloading 3373 Unused Serialized files (Serialized files now loaded: 0)
Unloading 20 unused Assets / (78.3 KB). Loaded Objects now: 3869.
Memory consumption went from 124.8 MB to 124.7 MB.
Total: 3.654000 ms (FindLiveObjects: 0.329200 ms CreateObjectMapping: 0.101400 ms MarkObjects: 3.125200 ms  DeleteObjects: 0.097100 ms)

AssetImportParameters requested are different than current active one (requested -> active):
  custom:video-decoder-ogg-theora: a1e56fd34408186e4bbccfd4996cb3dc -> 
  custom:container-muxer-webm: aa71ff27fc2769a1b78a27578f13a17b -> 
  custom:container-demuxer-webm: 4f35f7cbe854078d1ac9338744f61a02 -> 
  custom:video-encoder-webm-vp8: eb34c28f22e8b96e1ab97ce403110664 -> 
  custom:audio-encoder-webm-vorbis: bf7c407c2cedff20999df2af8eb42d56 -> 
  custom:framework-win-MediaFoundation: 216162199b28c13a410421893ffa2e32 -> 
  custom:container-demuxer-ogg: 62fdf1f143b41e24485cea50d1cbac27 -> 
  custom:video-decoder-webm-vp8: 9c59270c3fd7afecdb556c50c9e8de78 -> 
  custom:audio-decoder-ogg-vorbis: bf7c407c2cedff20999df2af8eb42d56 -> 
========================================================================
Received Prepare
Registering precompiled user dll's ...
Registered in 0.008679 seconds.
Begin MonoManager ReloadAssembly
Symbol file LoadedFromMemory doesn't match image C:\Program Files\The Coin Dash(3D Runner)\Library\PackageCache\com.unity.visualscripting@1.7.8\Editor\VisualScripting.Core\Dependencies\YamlDotNet\Unity.VisualScripting.YamlDotNet.dll
Symbol file LoadedFromMemory doesn't match image C:\Program Files\The Coin Dash(3D Runner)\Library\PackageCache\com.unity.visualscripting@1.7.8\Editor\VisualScripting.Core\Dependencies\DotNetZip\Unity.VisualScripting.IonicZip.dll
Native extension for WindowsStandalone target not found
Native extension for Android target not found
Refreshing native plugins compatible for Editor in 1.13 ms, found 3 plugins.
Preloading 0 native plugins for Editor in 0.00 ms.
Mono: successfully reloaded assembly
- Completed reload, in  1.218 seconds
Domain Reload Profiling:
	ReloadAssembly (1219ms)
		BeginReloadAssembly (139ms)
			ExecutionOrderSort (0ms)
			DisableScriptedObjects (7ms)
			BackupInstance (0ms)
			ReleaseScriptingObjects (0ms)
			CreateAndSetChildDomain (37ms)
		EndReloadAssembly (955ms)
			LoadAssemblies (95ms)
			RebuildTransferFunctionScriptingTraits (0ms)
			SetupTypeCache (321ms)
			ReleaseScriptCaches (1ms)
			RebuildScriptCaches (53ms)
			SetupLoadedEditorAssemblies (430ms)
				LogAssemblyErrors (0ms)
				InitializePlatformSupportModulesInManaged (25ms)
				SetLoadedEditorAssemblies (1ms)
				RefreshPlugins (1ms)
				BeforeProcessingInitializeOnLoad (79ms)
				ProcessInitializeOnLoadAttributes (283ms)
				ProcessInitializeOnLoadMethodAttributes (38ms)
				AfterProcessingInitializeOnLoad (3ms)
				EditorAssembliesLoaded (0ms)
			ExecutionOrderSort2 (0ms)
			AwakeInstancesAfterBackupRestoration (7ms)
Platform modules already initialized, skipping
Refreshing native plugins compatible for Editor in 2.90 ms, found 3 plugins.
Preloading 0 native plugins for Editor in 0.00 ms.
Unloading 3373 Unused Serialized files (Serialized files now loaded: 0)
Unloading 20 unused Assets / (78.2 KB). Loaded Objects now: 3872.
Memory consumption went from 124.8 MB to 124.7 MB.
Total: 4.137500 ms (FindLiveObjects: 0.425200 ms CreateObjectMapping: 0.172900 ms MarkObjects: 3.385700 ms  DeleteObjects: 0.152200 ms)

AssetImportParameters requested are different than current active one (requested -> active):
  custom:video-decoder-ogg-theora: a1e56fd34408186e4bbccfd4996cb3dc -> 
  custom:container-muxer-webm: aa71ff27fc2769a1b78a27578f13a17b -> 
  custom:container-demuxer-webm: 4f35f7cbe854078d1ac9338744f61a02 -> 
  custom:video-encoder-webm-vp8: eb34c28f22e8b96e1ab97ce403110664 -> 
  custom:audio-encoder-webm-vorbis: bf7c407c2cedff20999df2af8eb42d56 -> 
  custom:framework-win-MediaFoundation: 216162199b28c13a410421893ffa2e32 -> 
  custom:container-demuxer-ogg: 62fdf1f143b41e24485cea50d1cbac27 -> 
  custom:video-decoder-webm-vp8: 9c59270c3fd7afecdb556c50c9e8de78 -> 
  custom:audio-decoder-ogg-vorbis: bf7c407c2cedff20999df2af8eb42d56 -> 
========================================================================
Received Import Request.
  Time since last request: 150.312470 seconds.
  path: Assets/Music/ShieldBonus2.mp3
  artifactKey: Guid(3f9516cb9f64b6b43ba435d4181b14c0) Importer(815301076,1909f56bfc062723c751e8b465ee728b)
Start importing Assets/Music/ShieldBonus2.mp3 using Guid(3f9516cb9f64b6b43ba435d4181b14c0) Importer(815301076,1909f56bfc062723c751e8b465ee728b)  -> (artifact id: 'a06e475d8aa77eba192ff33da5bef224') in 0.066212 seconds 
========================================================================
Received Prepare
Registering precompiled user dll's ...
Registered in 0.008706 seconds.
Begin MonoManager ReloadAssembly
Symbol file LoadedFromMemory doesn't match image C:\Program Files\The Coin Dash(3D Runner)\Library\PackageCache\com.unity.visualscripting@1.7.8\Editor\VisualScripting.Core\Dependencies\YamlDotNet\Unity.VisualScripting.YamlDotNet.dll
Symbol file LoadedFromMemory doesn't match image C:\Program Files\The Coin Dash(3D Runner)\Library\PackageCache\com.unity.visualscripting@1.7.8\Editor\VisualScripting.Core\Dependencies\DotNetZip\Unity.VisualScripting.IonicZip.dll
Native extension for WindowsStandalone target not found
Native extension for Android target not found
Refreshing native plugins compatible for Editor in 1.01 ms, found 3 plugins.
Preloading 0 native plugins for Editor in 0.00 ms.
Mono: successfully reloaded assembly
- Completed reload, in  1.177 seconds
Domain Reload Profiling:
	ReloadAssembly (1178ms)
		BeginReloadAssembly (147ms)
			ExecutionOrderSort (0ms)
			DisableScriptedObjects (6ms)
			BackupInstance (0ms)
			ReleaseScriptingObjects (0ms)
			CreateAndSetChildDomain (41ms)
		EndReloadAssembly (919ms)
			LoadAssemblies (94ms)
			RebuildTransferFunctionScriptingTraits (0ms)
			SetupTypeCache (305ms)
			ReleaseScriptCaches (1ms)
			RebuildScriptCaches (45ms)
			SetupLoadedEditorAssemblies (418ms)
				LogAssemblyErrors (0ms)
				InitializePlatformSupportModulesInManaged (25ms)
				SetLoadedEditorAssemblies (1ms)
				RefreshPlugins (1ms)
				BeforeProcessingInitializeOnLoad (83ms)
				ProcessInitializeOnLoadAttributes (268ms)
				ProcessInitializeOnLoadMethodAttributes (36ms)
				AfterProcessingInitializeOnLoad (3ms)
				EditorAssembliesLoaded (0ms)
			ExecutionOrderSort2 (0ms)
			AwakeInstancesAfterBackupRestoration (7ms)
Platform modules already initialized, skipping
Refreshing native plugins compatible for Editor in 2.80 ms, found 3 plugins.
Preloading 0 native plugins for Editor in 0.00 ms.
Unloading 3373 Unused Serialized files (Serialized files now loaded: 0)
Unloading 20 unused Assets / (78.2 KB). Loaded Objects now: 3875.
Memory consumption went from 124.8 MB to 124.7 MB.
Total: 3.597100 ms (FindLiveObjects: 0.358900 ms CreateObjectMapping: 0.120500 ms MarkObjects: 3.019600 ms  DeleteObjects: 0.097200 ms)

AssetImportParameters requested are different than current active one (requested -> active):
  custom:video-decoder-ogg-theora: a1e56fd34408186e4bbccfd4996cb3dc -> 
  custom:container-muxer-webm: aa71ff27fc2769a1b78a27578f13a17b -> 
  custom:container-demuxer-webm: 4f35f7cbe854078d1ac9338744f61a02 -> 
  custom:video-encoder-webm-vp8: eb34c28f22e8b96e1ab97ce403110664 -> 
  custom:audio-encoder-webm-vorbis: bf7c407c2cedff20999df2af8eb42d56 -> 
  custom:framework-win-MediaFoundation: 216162199b28c13a410421893ffa2e32 -> 
  custom:container-demuxer-ogg: 62fdf1f143b41e24485cea50d1cbac27 -> 
  custom:video-decoder-webm-vp8: 9c59270c3fd7afecdb556c50c9e8de78 -> 
  custom:audio-decoder-ogg-vorbis: bf7c407c2cedff20999df2af8eb42d56 -> 
========================================================================
Received Import Request.
  Time since last request: 173.033534 seconds.
  path: Assets/Music/GameOver1.mp3
  artifactKey: Guid(95992808eb947e147b16efbe1dc950bd) Importer(815301076,1909f56bfc062723c751e8b465ee728b)
Start importing Assets/Music/GameOver1.mp3 using Guid(95992808eb947e147b16efbe1dc950bd) Importer(815301076,1909f56bfc062723c751e8b465ee728b)  -> (artifact id: 'e7edc09bf99de163ece9023bb8ffe3be') in 0.064036 seconds 
========================================================================
Received Import Request.
  Time since last request: 114.911837 seconds.
  path: Assets/Scripts/PlayerController.cs
  artifactKey: Guid(b67c33f58201b1f4f88a0784bb3d5aa1) Importer(815301076,1909f56bfc062723c751e8b465ee728b)
Start importing Assets/Scripts/PlayerController.cs using Guid(b67c33f58201b1f4f88a0784bb3d5aa1) Importer(815301076,1909f56bfc062723c751e8b465ee728b)  -> (artifact id: 'f0846d3a2181e4f5bf49222dac9b98e3') in 0.002598 seconds 
========================================================================
Received Prepare
Registering precompiled user dll's ...
Registered in 0.009801 seconds.
Begin MonoManager ReloadAssembly
Symbol file LoadedFromMemory doesn't match image C:\Program Files\The Coin Dash(3D Runner)\Library\PackageCache\com.unity.visualscripting@1.7.8\Editor\VisualScripting.Core\Dependencies\YamlDotNet\Unity.VisualScripting.YamlDotNet.dll
Symbol file LoadedFromMemory doesn't match image C:\Program Files\The Coin Dash(3D Runner)\Library\PackageCache\com.unity.visualscripting@1.7.8\Editor\VisualScripting.Core\Dependencies\DotNetZip\Unity.VisualScripting.IonicZip.dll
Native extension for WindowsStandalone target not found
Native extension for Android target not found
Refreshing native plugins compatible for Editor in 0.68 ms, found 3 plugins.
Preloading 0 native plugins for Editor in 0.00 ms.
Mono: successfully reloaded assembly
- Completed reload, in  1.129 seconds
Domain Reload Profiling:
	ReloadAssembly (1130ms)
		BeginReloadAssembly (140ms)
			ExecutionOrderSort (0ms)
			DisableScriptedObjects (6ms)
			BackupInstance (0ms)
			ReleaseScriptingObjects (0ms)
			CreateAndSetChildDomain (40ms)
		EndReloadAssembly (870ms)
			LoadAssemblies (92ms)
			RebuildTransferFunctionScriptingTraits (0ms)
			SetupTypeCache (320ms)
			ReleaseScriptCaches (1ms)
			RebuildScriptCaches (47ms)
			SetupLoadedEditorAssemblies (356ms)
				LogAssemblyErrors (0ms)
				InitializePlatformSupportModulesInManaged (22ms)
				SetLoadedEditorAssemblies (1ms)
				RefreshPlugins (1ms)
				BeforeProcessingInitializeOnLoad (70ms)
				ProcessInitializeOnLoadAttributes (231ms)
				ProcessInitializeOnLoadMethodAttributes (30ms)
				AfterProcessingInitializeOnLoad (3ms)
				EditorAssembliesLoaded (0ms)
			ExecutionOrderSort2 (0ms)
			AwakeInstancesAfterBackupRestoration (9ms)
Platform modules already initialized, skipping
Refreshing native plugins compatible for Editor in 2.75 ms, found 3 plugins.
Preloading 0 native plugins for Editor in 0.00 ms.
Unloading 3373 Unused Serialized files (Serialized files now loaded: 0)
Unloading 20 unused Assets / (78.3 KB). Loaded Objects now: 3878.
Memory consumption went from 124.8 MB to 124.7 MB.
Total: 3.587200 ms (FindLiveObjects: 0.326700 ms CreateObjectMapping: 0.087100 ms MarkObjects: 3.076500 ms  DeleteObjects: 0.095700 ms)

AssetImportParameters requested are different than current active one (requested -> active):
  custom:video-decoder-ogg-theora: a1e56fd34408186e4bbccfd4996cb3dc -> 
  custom:container-muxer-webm: aa71ff27fc2769a1b78a27578f13a17b -> 
  custom:container-demuxer-webm: 4f35f7cbe854078d1ac9338744f61a02 -> 
  custom:video-encoder-webm-vp8: eb34c28f22e8b96e1ab97ce403110664 -> 
  custom:audio-encoder-webm-vorbis: bf7c407c2cedff20999df2af8eb42d56 -> 
  custom:framework-win-MediaFoundation: 216162199b28c13a410421893ffa2e32 -> 
  custom:container-demuxer-ogg: 62fdf1f143b41e24485cea50d1cbac27 -> 
  custom:video-decoder-webm-vp8: 9c59270c3fd7afecdb556c50c9e8de78 -> 
  custom:audio-decoder-ogg-vorbis: bf7c407c2cedff20999df2af8eb42d56 -> 
========================================================================
Received Prepare
Registering precompiled user dll's ...
Registered in 0.010405 seconds.
Begin MonoManager ReloadAssembly
Symbol file LoadedFromMemory doesn't match image C:\Program Files\The Coin Dash(3D Runner)\Library\PackageCache\com.unity.visualscripting@1.7.8\Editor\VisualScripting.Core\Dependencies\YamlDotNet\Unity.VisualScripting.YamlDotNet.dll
Symbol file LoadedFromMemory doesn't match image C:\Program Files\The Coin Dash(3D Runner)\Library\PackageCache\com.unity.visualscripting@1.7.8\Editor\VisualScripting.Core\Dependencies\DotNetZip\Unity.VisualScripting.IonicZip.dll
Native extension for WindowsStandalone target not found
Native extension for Android target not found
Refreshing native plugins compatible for Editor in 0.72 ms, found 3 plugins.
Preloading 0 native plugins for Editor in 0.00 ms.
Mono: successfully reloaded assembly
- Completed reload, in  1.296 seconds
Domain Reload Profiling:
	ReloadAssembly (1296ms)
		BeginReloadAssembly (141ms)
			ExecutionOrderSort (0ms)
			DisableScriptedObjects (6ms)
			BackupInstance (0ms)
			ReleaseScriptingObjects (0ms)
			CreateAndSetChildDomain (41ms)
		EndReloadAssembly (973ms)
			LoadAssemblies (111ms)
			RebuildTransferFunctionScriptingTraits (0ms)
			SetupTypeCache (358ms)
			ReleaseScriptCaches (1ms)
			RebuildScriptCaches (45ms)
			SetupLoadedEditorAssemblies (399ms)
				LogAssemblyErrors (0ms)
				InitializePlatformSupportModulesInManaged (24ms)
				SetLoadedEditorAssemblies (1ms)
				RefreshPlugins (1ms)
				BeforeProcessingInitializeOnLoad (74ms)
				ProcessInitializeOnLoadAttributes (262ms)
				ProcessInitializeOnLoadMethodAttributes (35ms)
				AfterProcessingInitializeOnLoad (3ms)
				EditorAssembliesLoaded (0ms)
			ExecutionOrderSort2 (0ms)
			AwakeInstancesAfterBackupRestoration (6ms)
Platform modules already initialized, skipping
Refreshing native plugins compatible for Editor in 2.84 ms, found 3 plugins.
Preloading 0 native plugins for Editor in 0.00 ms.
Unloading 3373 Unused Serialized files (Serialized files now loaded: 0)
Unloading 20 unused Assets / (78.4 KB). Loaded Objects now: 3881.
Memory consumption went from 124.8 MB to 124.8 MB.
Total: 3.363100 ms (FindLiveObjects: 0.275700 ms CreateObjectMapping: 0.082800 ms MarkObjects: 2.913900 ms  DeleteObjects: 0.089700 ms)

AssetImportParameters requested are different than current active one (requested -> active):
  custom:video-decoder-ogg-theora: a1e56fd34408186e4bbccfd4996cb3dc -> 
  custom:container-muxer-webm: aa71ff27fc2769a1b78a27578f13a17b -> 
  custom:container-demuxer-webm: 4f35f7cbe854078d1ac9338744f61a02 -> 
  custom:video-encoder-webm-vp8: eb34c28f22e8b96e1ab97ce403110664 -> 
  custom:audio-encoder-webm-vorbis: bf7c407c2cedff20999df2af8eb42d56 -> 
  custom:framework-win-MediaFoundation: 216162199b28c13a410421893ffa2e32 -> 
  custom:container-demuxer-ogg: 62fdf1f143b41e24485cea50d1cbac27 -> 
  custom:video-decoder-webm-vp8: 9c59270c3fd7afecdb556c50c9e8de78 -> 
  custom:audio-decoder-ogg-vorbis: bf7c407c2cedff20999df2af8eb42d56 -> 
========================================================================
Received Prepare
Registering precompiled user dll's ...
Registered in 0.008883 seconds.
Begin MonoManager ReloadAssembly
Symbol file LoadedFromMemory doesn't match image C:\Program Files\The Coin Dash(3D Runner)\Library\PackageCache\com.unity.visualscripting@1.7.8\Editor\VisualScripting.Core\Dependencies\YamlDotNet\Unity.VisualScripting.YamlDotNet.dll
Symbol file LoadedFromMemory doesn't match image C:\Program Files\The Coin Dash(3D Runner)\Library\PackageCache\com.unity.visualscripting@1.7.8\Editor\VisualScripting.Core\Dependencies\DotNetZip\Unity.VisualScripting.IonicZip.dll
Native extension for WindowsStandalone target not found
Native extension for Android target not found
Refreshing native plugins compatible for Editor in 0.75 ms, found 3 plugins.
Preloading 0 native plugins for Editor in 0.00 ms.
Mono: successfully reloaded assembly
- Completed reload, in  1.101 seconds
Domain Reload Profiling:
	ReloadAssembly (1101ms)
		BeginReloadAssembly (143ms)
			ExecutionOrderSort (0ms)
			DisableScriptedObjects (7ms)
			BackupInstance (0ms)
			ReleaseScriptingObjects (0ms)
			CreateAndSetChildDomain (43ms)
		EndReloadAssembly (845ms)
			LoadAssemblies (90ms)
			RebuildTransferFunctionScriptingTraits (0ms)
			SetupTypeCache (282ms)
			ReleaseScriptCaches (1ms)
			RebuildScriptCaches (51ms)
			SetupLoadedEditorAssemblies (373ms)
				LogAssemblyErrors (0ms)
				InitializePlatformSupportModulesInManaged (23ms)
				SetLoadedEditorAssemblies (1ms)
				RefreshPlugins (1ms)
				BeforeProcessingInitializeOnLoad (72ms)
				ProcessInitializeOnLoadAttributes (244ms)
				ProcessInitializeOnLoadMethodAttributes (29ms)
				AfterProcessingInitializeOnLoad (3ms)
				EditorAssembliesLoaded (0ms)
			ExecutionOrderSort2 (0ms)
			AwakeInstancesAfterBackupRestoration (6ms)
Platform modules already initialized, skipping
Refreshing native plugins compatible for Editor in 2.36 ms, found 3 plugins.
Preloading 0 native plugins for Editor in 0.00 ms.
Unloading 3373 Unused Serialized files (Serialized files now loaded: 0)
Unloading 20 unused Assets / (78.1 KB). Loaded Objects now: 3884.
Memory consumption went from 124.8 MB to 124.8 MB.
Total: 3.807900 ms (FindLiveObjects: 0.340100 ms CreateObjectMapping: 0.083700 ms MarkObjects: 3.279600 ms  DeleteObjects: 0.103200 ms)

AssetImportParameters requested are different than current active one (requested -> active):
  custom:video-decoder-ogg-theora: a1e56fd34408186e4bbccfd4996cb3dc -> 
  custom:container-muxer-webm: aa71ff27fc2769a1b78a27578f13a17b -> 
  custom:container-demuxer-webm: 4f35f7cbe854078d1ac9338744f61a02 -> 
  custom:video-encoder-webm-vp8: eb34c28f22e8b96e1ab97ce403110664 -> 
  custom:audio-encoder-webm-vorbis: bf7c407c2cedff20999df2af8eb42d56 -> 
  custom:framework-win-MediaFoundation: 216162199b28c13a410421893ffa2e32 -> 
  custom:container-demuxer-ogg: 62fdf1f143b41e24485cea50d1cbac27 -> 
  custom:video-decoder-webm-vp8: 9c59270c3fd7afecdb556c50c9e8de78 -> 
  custom:audio-decoder-ogg-vorbis: bf7c407c2cedff20999df2af8eb42d56 -> 
========================================================================
Received Prepare
Registering precompiled user dll's ...
Registered in 0.008806 seconds.
Begin MonoManager ReloadAssembly
Symbol file LoadedFromMemory doesn't match image C:\Program Files\The Coin Dash(3D Runner)\Library\PackageCache\com.unity.visualscripting@1.7.8\Editor\VisualScripting.Core\Dependencies\YamlDotNet\Unity.VisualScripting.YamlDotNet.dll
Symbol file LoadedFromMemory doesn't match image C:\Program Files\The Coin Dash(3D Runner)\Library\PackageCache\com.unity.visualscripting@1.7.8\Editor\VisualScripting.Core\Dependencies\DotNetZip\Unity.VisualScripting.IonicZip.dll
Native extension for WindowsStandalone target not found
Native extension for Android target not found
Refreshing native plugins compatible for Editor in 0.75 ms, found 3 plugins.
Preloading 0 native plugins for Editor in 0.00 ms.
Mono: successfully reloaded assembly
- Completed reload, in  1.143 seconds
Domain Reload Profiling:
	ReloadAssembly (1144ms)
		BeginReloadAssembly (146ms)
			ExecutionOrderSort (0ms)
			DisableScriptedObjects (8ms)
			BackupInstance (0ms)
			ReleaseScriptingObjects (0ms)
			CreateAndSetChildDomain (36ms)
		EndReloadAssembly (883ms)
			LoadAssemblies (95ms)
			RebuildTransferFunctionScriptingTraits (0ms)
			SetupTypeCache (284ms)
			ReleaseScriptCaches (1ms)
			RebuildScriptCaches (49ms)
			SetupLoadedEditorAssemblies (399ms)
				LogAssemblyErrors (0ms)
				InitializePlatformSupportModulesInManaged (25ms)
				SetLoadedEditorAssemblies (1ms)
				RefreshPlugins (1ms)
				BeforeProcessingInitializeOnLoad (73ms)
				ProcessInitializeOnLoadAttributes (258ms)
				ProcessInitializeOnLoadMethodAttributes (38ms)
				AfterProcessingInitializeOnLoad (3ms)
				EditorAssembliesLoaded (0ms)
			ExecutionOrderSort2 (0ms)
			AwakeInstancesAfterBackupRestoration (7ms)
Platform modules already initialized, skipping
Refreshing native plugins compatible for Editor in 3.26 ms, found 3 plugins.
Preloading 0 native plugins for Editor in 0.00 ms.
Unloading 3373 Unused Serialized files (Serialized files now loaded: 0)
Unloading 20 unused Assets / (78.3 KB). Loaded Objects now: 3887.
Memory consumption went from 124.8 MB to 124.8 MB.
Total: 3.630900 ms (FindLiveObjects: 0.294800 ms CreateObjectMapping: 0.086600 ms MarkObjects: 3.144500 ms  DeleteObjects: 0.103600 ms)

AssetImportParameters requested are different than current active one (requested -> active):
  custom:video-decoder-ogg-theora: a1e56fd34408186e4bbccfd4996cb3dc -> 
  custom:container-muxer-webm: aa71ff27fc2769a1b78a27578f13a17b -> 
  custom:container-demuxer-webm: 4f35f7cbe854078d1ac9338744f61a02 -> 
  custom:video-encoder-webm-vp8: eb34c28f22e8b96e1ab97ce403110664 -> 
  custom:audio-encoder-webm-vorbis: bf7c407c2cedff20999df2af8eb42d56 -> 
  custom:framework-win-MediaFoundation: 216162199b28c13a410421893ffa2e32 -> 
  custom:container-demuxer-ogg: 62fdf1f143b41e24485cea50d1cbac27 -> 
  custom:video-decoder-webm-vp8: 9c59270c3fd7afecdb556c50c9e8de78 -> 
  custom:audio-decoder-ogg-vorbis: bf7c407c2cedff20999df2af8eb42d56 -> 
========================================================================
Received Prepare
Registering precompiled user dll's ...
Registered in 0.009756 seconds.
Begin MonoManager ReloadAssembly
Symbol file LoadedFromMemory doesn't match image C:\Program Files\The Coin Dash(3D Runner)\Library\PackageCache\com.unity.visualscripting@1.7.8\Editor\VisualScripting.Core\Dependencies\YamlDotNet\Unity.VisualScripting.YamlDotNet.dll
Symbol file LoadedFromMemory doesn't match image C:\Program Files\The Coin Dash(3D Runner)\Library\PackageCache\com.unity.visualscripting@1.7.8\Editor\VisualScripting.Core\Dependencies\DotNetZip\Unity.VisualScripting.IonicZip.dll
Native extension for WindowsStandalone target not found
Native extension for Android target not found
Refreshing native plugins compatible for Editor in 1.01 ms, found 3 plugins.
Preloading 0 native plugins for Editor in 0.00 ms.
Mono: successfully reloaded assembly
- Completed reload, in  1.124 seconds
Domain Reload Profiling:
	ReloadAssembly (1124ms)
		BeginReloadAssembly (142ms)
			ExecutionOrderSort (0ms)
			DisableScriptedObjects (6ms)
			BackupInstance (0ms)
			ReleaseScriptingObjects (0ms)
			CreateAndSetChildDomain (39ms)
		EndReloadAssembly (871ms)
			LoadAssemblies (92ms)
			RebuildTransferFunctionScriptingTraits (0ms)
			SetupTypeCache (308ms)
			ReleaseScriptCaches (1ms)
			RebuildScriptCaches (51ms)
			SetupLoadedEditorAssemblies (375ms)
				LogAssemblyErrors (0ms)
				InitializePlatformSupportModulesInManaged (23ms)
				SetLoadedEditorAssemblies (1ms)
				RefreshPlugins (1ms)
				BeforeProcessingInitializeOnLoad (72ms)
				ProcessInitializeOnLoadAttributes (246ms)
				ProcessInitializeOnLoadMethodAttributes (30ms)
				AfterProcessingInitializeOnLoad (3ms)
				EditorAssembliesLoaded (0ms)
			ExecutionOrderSort2 (0ms)
			AwakeInstancesAfterBackupRestoration (6ms)
Platform modules already initialized, skipping
Refreshing native plugins compatible for Editor in 3.79 ms, found 3 plugins.
Preloading 0 native plugins for Editor in 0.00 ms.
Unloading 3373 Unused Serialized files (Serialized files now loaded: 0)
Unloading 20 unused Assets / (78.2 KB). Loaded Objects now: 3890.
Memory consumption went from 124.8 MB to 124.8 MB.
Total: 3.437100 ms (FindLiveObjects: 0.288000 ms CreateObjectMapping: 0.086100 ms MarkObjects: 2.934300 ms  DeleteObjects: 0.127500 ms)

AssetImportParameters requested are different than current active one (requested -> active):
  custom:video-decoder-ogg-theora: a1e56fd34408186e4bbccfd4996cb3dc -> 
  custom:container-muxer-webm: aa71ff27fc2769a1b78a27578f13a17b -> 
  custom:container-demuxer-webm: 4f35f7cbe854078d1ac9338744f61a02 -> 
  custom:video-encoder-webm-vp8: eb34c28f22e8b96e1ab97ce403110664 -> 
  custom:audio-encoder-webm-vorbis: bf7c407c2cedff20999df2af8eb42d56 -> 
  custom:framework-win-MediaFoundation: 216162199b28c13a410421893ffa2e32 -> 
  custom:container-demuxer-ogg: 62fdf1f143b41e24485cea50d1cbac27 -> 
  custom:video-decoder-webm-vp8: 9c59270c3fd7afecdb556c50c9e8de78 -> 
  custom:audio-decoder-ogg-vorbis: bf7c407c2cedff20999df2af8eb42d56 -> 
